<?xml version="1.0" encoding="UTF-8"?>
<!-- Generated by org.testng.reporters.JUnitReportReporter -->
<testsuite hostname="LTIN486613" failures="0" tests="8" name="testCases.TC_001_validateUserInformation" time="29.638" errors="0" timestamp="2024-04-01T14:20:31 IST" skipped="0">
  <testcase classname="testCases.TC_001_validateUserInformation" name="the_user_navigated_to_the_cognizant_page" time="5.043"/>
  <testcase classname="testCases.TC_001_validateUserInformation" name="the_user_navigated_to_the_cognizant_page" time="5.034"/>
  <testcase classname="testCases.TC_001_validateUserInformation" name="the_user_clicks_on_user_icon" time="3.045"/>
  <testcase classname="testCases.TC_001_validateUserInformation" name="the_user_clicks_on_user_icon" time="3.028"/>
  <testcase classname="testCases.TC_001_validateUserInformation" name="user_can_validate_the_mail_contains_cognizant_com" time="3.846"/>
  <testcase classname="testCases.TC_001_validateUserInformation" name="user_can_validate_the_mail_contains_cognizant_com" time="9.554"/>
  <testcase classname="testCases.TC_001_validateUserInformation" name="the_user_close_on_user_icon" time="0.059"/>
  <testcase classname="testCases.TC_001_validateUserInformation" name="the_user_close_on_user_icon" time="0.029"/>
</testsuite> <!-- testCases.TC_001_validateUserInformation -->
