<?xml version="1.0" encoding="UTF-8"?>
<!-- Generated by org.testng.reporters.JUnitReportReporter -->
<testsuite hostname="LTIN486613" failures="0" tests="2" name="testCases.TC_003_validate_Ethics_And_Compilance" time="5.234" errors="0" timestamp="2024-04-01T14:20:31 IST" skipped="0">
  <testcase classname="testCases.TC_003_validate_Ethics_And_Compilance" name="verifyEthicsAndCompliance" time="2.611"/>
  <testcase classname="testCases.TC_003_validate_Ethics_And_Compilance" name="verifyEthicsAndCompliance" time="2.623"/>
</testsuite> <!-- testCases.TC_003_validate_Ethics_And_Compilance -->
