<?xml version="1.0" encoding="UTF-8"?>
<!-- Generated by org.testng.reporters.JUnitReportReporter -->
<testsuite hostname="LTIN486613" failures="0" tests="22" name="testCases.TC_004_validate_ResourceLinks" time="76.658" errors="0" timestamp="2024-04-01T14:20:31 IST" skipped="0">
  <testcase classname="testCases.TC_004_validate_ResourceLinks" name="navigateEthics" time="2.653"/>
  <testcase classname="testCases.TC_004_validate_ResourceLinks" name="navigateEthics" time="2.606"/>
  <testcase classname="testCases.TC_004_validate_ResourceLinks" name="verifyPage" time="0.020"/>
  <testcase classname="testCases.TC_004_validate_ResourceLinks" name="verifyPage" time="0.021"/>
  <testcase classname="testCases.TC_004_validate_ResourceLinks" name="validateHelpline" time="3.782"/>
  <testcase classname="testCases.TC_004_validate_ResourceLinks" name="validateHelpline" time="3.646"/>
  <testcase classname="testCases.TC_004_validate_ResourceLinks" name="validateCodeofEthics" time="4.240"/>
  <testcase classname="testCases.TC_004_validate_ResourceLinks" name="validateCodeofEthics" time="4.516"/>
  <testcase classname="testCases.TC_004_validate_ResourceLinks" name="validateGlobalCorporatePolicies" time="3.971"/>
  <testcase classname="testCases.TC_004_validate_ResourceLinks" name="validateGlobalCorporatePolicies" time="4.147"/>
  <testcase classname="testCases.TC_004_validate_ResourceLinks" name="validateEthicsandCompliancePolicies" time="3.679"/>
  <testcase classname="testCases.TC_004_validate_ResourceLinks" name="validateEthicsandCompliancePolicies" time="3.644"/>
  <testcase classname="testCases.TC_004_validate_ResourceLinks" name="validateEthicsandComplianceAmbassadors" time="3.915"/>
  <testcase classname="testCases.TC_004_validate_ResourceLinks" name="validateEthicsandComplianceAmbassadors" time="3.625"/>
  <testcase classname="testCases.TC_004_validate_ResourceLinks" name="validateEthicsandComplianceProgramOverview" time="4.073"/>
  <testcase classname="testCases.TC_004_validate_ResourceLinks" name="validateEthicsandComplianceProgramOverview" time="4.236"/>
  <testcase classname="testCases.TC_004_validate_ResourceLinks" name="validateEthicsandCompliancePresentation" time="3.806"/>
  <testcase classname="testCases.TC_004_validate_ResourceLinks" name="validateEthicsandCompliancePresentation" time="3.937"/>
  <testcase classname="testCases.TC_004_validate_ResourceLinks" name="validateGlobalPrivacy" time="3.912"/>
  <testcase classname="testCases.TC_004_validate_ResourceLinks" name="validateGlobalPrivacy" time="4.104"/>
  <testcase classname="testCases.TC_004_validate_ResourceLinks" name="validateRegulatoryandBUCompilance" time="4.031"/>
  <testcase classname="testCases.TC_004_validate_ResourceLinks" name="validateRegulatoryandBUCompilance" time="4.094"/>
</testsuite> <!-- testCases.TC_004_validate_ResourceLinks -->
