<?xml version="1.0" encoding="UTF-8"?>
<!-- Generated by org.testng.reporters.JUnitReportReporter -->
<testsuite hostname="LTIN486613" failures="0" tests="2" name="testCases.TC_005_validate_Ethics_page_information" time="0.221" errors="0" timestamp="2024-04-01T14:20:31 IST" skipped="0">
  <testcase classname="testCases.TC_005_validate_Ethics_page_information" name="printEthicsInfo" time="0.118"/>
  <testcase classname="testCases.TC_005_validate_Ethics_page_information" name="printEthicsInfo" time="0.103"/>
</testsuite> <!-- testCases.TC_005_validate_Ethics_page_information -->
